1771581201993	geckodriver	INFO	Listening on 127.0.0.1:57840
1771581205593	mozrunner::runner	INFO	Running command: "C:\\Program Files\\Mozilla Firefox\\firefox.exe" "--marionette" "--remote-debugging-port" "57841" "--remote-allow-hosts" "localhost" "-no-remote" "-profile" "C:\\Users\\hp\\AppData\\Local\\Temp\\rust_mozprofileIu5xNf"
console.warn: services.settings: Ignoring preference override of remote settings server
console.warn: services.settings: Allow by setting MOZ_REMOTE_SETTINGS_DEVTOOLS=1 in the environment
Dynamically enable window occlusion 0
1771581209821	Marionette	INFO	Marionette enabled
1771581210528	Marionette	INFO	Listening on port 57852
Read port: 57852
WebDriver BiDi listening on ws://127.0.0.1:57841
1771581211156	RemoteAgent	WARN	TLS certificate errors will be ignored for this session
[GFX1-]: Calling WaitFlushedEvent::Run: is delayed: 3099
JavaScript error: https://www.tutorialspoint.com/selenium/practice/js/custom.js, line 3: TypeError: $(...).validate is not a function
1771581244139	Marionette	INFO	Stopped listening on port 57852
Dynamically enable window occlusion 1
console.error: "Failed to fetch https://spocs.getpocket.com/user:" "NetworkError when attempting to fetch resource."
console.error: (new TypeError("NetworkError when attempting to fetch resource.", ""))
console.error: (new Error("OHTTP was configured for https://ads.mozilla.org/v1/delete_user but we couldn't fetch a valid config", "moz-src:///browser/modules/ContextId.sys.mjs", 234))
console.warn: TopSitesFeed: Failed to fetch data from MARS server: NetworkError when attempting to fetch resource.
JavaScript error: resource://gre/modules/ObliviousHTTP.sys.mjs, line 117: NS_ERROR_XPC_CANT_CONVERT_PRIMITIVE_TO_ARRAY: Cannot convert primitive JavaScript value into an array arg 2 [nsIObliviousHttpService.newChannel]
console.error: services.settings: 
  main/devtools-compatibility-browsers Signature failed  [Exception... "<no message>"  nsresult: "0x8046001e (<unknown>)"  location: "JS frame :: resource://gre/modules/ServiceRequest.sys.mjs :: open :: line 126"  data: no]
console.error: services.settings: 
Object
  - prototype Object
    - columnNumber = 11
    - data = null
    - filename = resource://gre/modules/ServiceRequest.sys.mjs
    - lineNumber = 126
    - location = {"name":"open","filename":"resource://gre/modules/ServiceRequest.sys.mjs","sourceId":27,"lineNumber":126,"columnNumber":11,"asyncCause":null,"asyncCaller":null,"caller":{"filename":"resource://services-settings/Utils.sys.mjs","name":"fetch/<","sourceId":26,"lineNumber":272,"columnNumber":15,"asyncCause":null,"asyncCaller":null,"caller":{"filename":"resource://services-settings/Utils.sys.mjs","name":"fetch","sourceId":26,"lineNumber":223,"columnNumber":12,"asyncCause":null,"asyncCaller":null,"caller":{"filename":"resource://services-settings/RemoteSettingsClient.sys.mjs","name":"validateCollectionSignature","sourceId":24,"lineNumber":1102,"columnNumber":49,"asyncCause":null,"asyncCaller":null,"caller":null,"formattedStack":"validateCollectionSignature@resource://services-settings/RemoteSettingsClient.sys.mjs:1102:49\n","nativeSavedFrame":{}},"formattedStack":"fetch@resource://services-settings/Utils.sys.mjs:223:12\nvalidateCollectionSignature@resource://services-settings/RemoteSettingsClient.sys.mjs:1102:49\n","nativeSavedFrame":{}},"formattedStack":"fetch/<@resource://services-settings/Utils.sys.mjs:272:15\nfetch@resource://services-settings/Utils.sys.mjs:223:12\nvalidateCollectionSignature@resource://services-settings/RemoteSettingsClient.sys.mjs:1102:49\n","nativeSavedFrame":{}},"formattedStack":"open@resource://gre/modules/ServiceRequest.sys.mjs:126:11\nfetch/<@resource://services-settings/Utils.sys.mjs:272:15\nfetch@resource://services-settings/Utils.sys.mjs:223:12\nvalidateCollectionSignature@resource://services-settings/RemoteSettingsClient.sys.mjs:1102:49\n","nativeSavedFrame":{}}
    - message = 
    - name = 
    - result = 2152071198
    - stack = open@resource://gre/modules/ServiceRequest.sys.mjs:126:11|fetch/<@resource://services-settings/Utils.sys.mjs:272:15|fetch@resource://services-settings/Utils.sys.mjs:223:12|validateCollectionSignature@resource://services-settings/RemoteSettingsClient.sys.mjs:1102:49|
  - prototype Object
console.warn: services.settings: main/url-classifier-exceptions sync interrupted by shutdown
console.warn: services.settings: main/doh-providers sync interrupted by shutdown
console.warn: services.settings: main/addons-data-leak-blocker-domains sync interrupted by shutdown
console.warn: services.settings: main/newtab-wallpapers-v2 sync interrupted by shutdown
console.warn: services.settings: security-state/onecrl sync interrupted by shutdown
console.warn: services.settings: main/websites-with-shared-credential-backends sync interrupted by shutdown
console.warn: services.settings: main/password-rules sync interrupted by shutdown
console.warn: services.settings: main/search-config-v2 sync interrupted by shutdown
console.error: (new AbortError("IndexedDB: main/tracking-protection-lists-ios getLastModified() IndexedDB:  execute() A request was aborted, for example through a call to IDBTransaction.abort.", "resource://services-settings/IDBHelpers.sys.mjs", 16))
